<?xml version="1.0" encoding="UTF-8"?>
<!-- Generated by org.testng.reporters.JUnitXMLReporter -->
<testsuite hostname="IBM-Testing05" name="Default test" tests="18" failures="0" timestamp="8 Jul 2018 11:09:20 GMT" time="47.091" errors="0">
  <testcase name="login" time="10.984" classname="com.messages.MessageCategoryTest"/>
  <testcase name="msg_start" time="1.383" classname="com.messages.MessageCategoryTest"/>
  <testcase name="search_inbox" time="0.222" classname="com.messages.MessageCategoryTest"/>
  <testcase name="sub_msg_display" time="1.053" classname="com.messages.MessageCategoryTest"/>
  <testcase name="reply_btn" time="3.112" classname="com.messages.MessageCategoryTest"/>
  <testcase name="appropriate_cat_msg" time="0.933" classname="com.messages.MessageCategoryTest"/>
  <testcase name="select_all_btn" time="0.255" classname="com.messages.MessageCategoryTest"/>
  <testcase name="select_none_btn" time="0.213" classname="com.messages.MessageCategoryTest"/>
  <testcase name="sent_select" time="0.924" classname="com.messages.MessageCategoryTest"/>
  <testcase name="trash_select" time="0.859" classname="com.messages.MessageCategoryTest"/>
  <testcase name="new_msg" time="6.041" classname="com.messages.MessageCategoryTest"/>
  <testcase name="grp_check" time="8.727" classname="com.messages.MessageCategoryTest"/>
  <testcase name="validation" time="0.392" classname="com.messages.MessageCategoryTest"/>
  <testcase name="messageCategoryValidation" time="2.282" classname="com.messages.MessageCategoryTest"/>
  <testcase name="defaultValuesValidation" time="0.209" classname="com.messages.MessageCategoryTest"/>
  <testcase name="insertCategory" time="3.02" classname="com.messages.MessageCategoryTest"/>
  <testcase name="modifyCategory" time="3.627" classname="com.messages.MessageCategoryTest"/>
  <testcase name="deleteCategory" time="2.808" classname="com.messages.MessageCategoryTest"/>
</testsuite> <!-- Default test -->
