<?xml version="1.0" encoding="UTF-8"?>
<testng-results skipped="0" failed="0" total="11" passed="11">
  <reporter-output>
  </reporter-output>
  <suite name="Default suite" duration-ms="12036" started-at="2018-07-08T06:48:56Z" finished-at="2018-07-08T06:49:08Z">
    <groups>
    </groups>
    <test name="Default test" duration-ms="12036" started-at="2018-07-08T06:48:56Z" finished-at="2018-07-08T06:49:08Z">
      <class name="CI_jenkin.Banking">
        <test-method status="PASS" signature="login()[pri:0, instance:CI_jenkin.Banking@2053d869]" name="login" duration-ms="4009" started-at="2018-07-08T12:18:56Z" finished-at="2018-07-08T12:19:00Z">
          <reporter-output>
          </reporter-output>
        </test-method> <!-- login -->
        <test-method status="PASS" signature="ValidateAdminLoginName()[pri:0, instance:CI_jenkin.Banking@2053d869]" name="ValidateAdminLoginName" duration-ms="1284" started-at="2018-07-08T12:19:00Z" finished-at="2018-07-08T12:19:01Z">
          <reporter-output>
          </reporter-output>
        </test-method> <!-- ValidateAdminLoginName -->
        <test-method status="PASS" signature="ChangeButtonValidation()[pri:0, instance:CI_jenkin.Banking@2053d869]" name="ChangeButtonValidation" duration-ms="441" started-at="2018-07-08T12:19:01Z" finished-at="2018-07-08T12:19:02Z">
          <reporter-output>
          </reporter-output>
        </test-method> <!-- ChangeButtonValidation -->
        <test-method status="PASS" signature="AdminNameEmailValidate()[pri:0, instance:CI_jenkin.Banking@2053d869]" name="AdminNameEmailValidate" duration-ms="263" started-at="2018-07-08T12:19:02Z" finished-at="2018-07-08T12:19:02Z">
          <reporter-output>
          </reporter-output>
        </test-method> <!-- AdminNameEmailValidate -->
        <test-method status="PASS" signature="FullNameValidate()[pri:0, instance:CI_jenkin.Banking@2053d869]" name="FullNameValidate" duration-ms="251" started-at="2018-07-08T12:19:02Z" finished-at="2018-07-08T12:19:02Z">
          <reporter-output>
          </reporter-output>
        </test-method> <!-- FullNameValidate -->
        <test-method status="PASS" signature="emailValidate()[pri:0, instance:CI_jenkin.Banking@2053d869]" name="emailValidate" duration-ms="257" started-at="2018-07-08T12:19:02Z" finished-at="2018-07-08T12:19:02Z">
          <reporter-output>
          </reporter-output>
        </test-method> <!-- emailValidate -->
        <test-method status="PASS" signature="submitValidate()[pri:0, instance:CI_jenkin.Banking@2053d869]" name="submitValidate" duration-ms="2004" started-at="2018-07-08T12:19:02Z" finished-at="2018-07-08T12:19:04Z">
          <reporter-output>
          </reporter-output>
        </test-method> <!-- submitValidate -->
        <test-method status="PASS" signature="oldPasswordvalidate()[pri:0, instance:CI_jenkin.Banking@2053d869]" name="oldPasswordvalidate" duration-ms="1118" started-at="2018-07-08T12:19:04Z" finished-at="2018-07-08T12:19:05Z">
          <reporter-output>
          </reporter-output>
        </test-method> <!-- oldPasswordvalidate -->
        <test-method status="PASS" signature="newPassword()[pri:0, instance:CI_jenkin.Banking@2053d869]" name="newPassword" duration-ms="127" started-at="2018-07-08T12:19:05Z" finished-at="2018-07-08T12:19:06Z">
          <reporter-output>
          </reporter-output>
        </test-method> <!-- newPassword -->
        <test-method status="PASS" signature="confirmPasswordValidate()[pri:0, instance:CI_jenkin.Banking@2053d869]" name="confirmPasswordValidate" duration-ms="107" started-at="2018-07-08T12:19:06Z" finished-at="2018-07-08T12:19:06Z">
          <reporter-output>
          </reporter-output>
        </test-method> <!-- confirmPasswordValidate -->
        <test-method status="PASS" signature="passwordSubmitValidate()[pri:0, instance:CI_jenkin.Banking@2053d869]" name="passwordSubmitValidate" duration-ms="2140" started-at="2018-07-08T12:19:06Z" finished-at="2018-07-08T12:19:08Z">
          <reporter-output>
          </reporter-output>
        </test-method> <!-- passwordSubmitValidate -->
      </class> <!-- CI_jenkin.Banking -->
    </test> <!-- Default test -->
  </suite> <!-- Default suite -->
</testng-results>
